<?xml version="1.0" encoding="UTF-8"?>
<!-- Generated by org.testng.reporters.JUnitReportReporter -->
<testsuite hostname="Ashwins-MacBook-Pro.local" failures="0" tests="1" name="LibAddBook" time="2.372" errors="0" timestamp="2024-01-09T00:50:29 GMT" skipped="0">
  <testcase classname="LibAddBook" name="AddBook" time="2.372"/>
</testsuite> <!-- LibAddBook -->
