<?xml version="1.0" encoding="UTF-8"?>
<!-- Generated by org.testng.reporters.JUnitReportReporter -->
<testsuite hostname="Ashwins-MacBook-Pro.local" failures="0" tests="1" name="Courses" time="0.993" errors="0" timestamp="2024-01-05T02:06:47 GMT" skipped="0">
  <testcase classname="Courses" name="coursesSum" time="0.993"/>
</testsuite> <!-- Courses -->
