<?xml version="1.0" encoding="UTF-8"?>
<!-- Generated by org.testng.reporters.JUnitReportReporter -->
<testsuite hostname="Ashwins-MacBook-Pro.local" failures="0" tests="1" name="OAuth" time="4.229" errors="0" timestamp="2024-01-11T01:40:04 GMT" skipped="0">
  <testcase classname="OAuth" name="auth" time="4.229"/>
</testsuite> <!-- OAuth -->
